<?xml version="1.0" encoding="UTF-8"?>
<testng-results ignored="0" total="1" passed="1" failed="0" skipped="0">
  <reporter-output>
  </reporter-output>
  <suite started-at="2023-09-24T10:04:26 IST" name="Default suite" finished-at="2023-09-24T10:04:40 IST" duration-ms="14107">
    <groups>
    </groups>
    <test started-at="2023-09-24T10:04:26 IST" name="Default test" finished-at="2023-09-24T10:04:40 IST" duration-ms="14107">
      <class name="Scenario_3.TC04_Negative">
        <test-method is-config="true" signature="initializeExtentReports()[pri:0, instance:Scenario_3.TC04_Negative@6025e1b6]" started-at="2023-09-24T10:04:26 IST" name="initializeExtentReports" finished-at="2023-09-24T10:04:26 IST" duration-ms="554" status="PASS">
          <reporter-output>
          </reporter-output>
        </test-method> <!-- initializeExtentReports -->
        <test-method is-config="true" signature="setUp()[pri:0, instance:Scenario_3.TC04_Negative@6025e1b6]" started-at="2023-09-24T10:04:26 IST" name="setUp" finished-at="2023-09-24T10:04:30 IST" duration-ms="3540" status="PASS">
          <reporter-output>
          </reporter-output>
        </test-method> <!-- setUp -->
        <test-method signature="formfilling()[pri:0, instance:Scenario_3.TC04_Negative@6025e1b6]" started-at="2023-09-24T10:04:30 IST" name="formfilling" finished-at="2023-09-24T10:04:40 IST" duration-ms="9839" status="PASS">
          <reporter-output>
          </reporter-output>
        </test-method> <!-- formfilling -->
        <test-method is-config="true" signature="Screenshoot()[pri:0, instance:Scenario_3.TC04_Negative@6025e1b6]" started-at="2023-09-24T10:04:40 IST" name="Screenshoot" finished-at="2023-09-24T10:04:40 IST" duration-ms="273" status="PASS">
          <reporter-output>
          </reporter-output>
        </test-method> <!-- Screenshoot -->
        <test-method is-config="true" signature="tearDown()[pri:0, instance:Scenario_3.TC04_Negative@6025e1b6]" started-at="2023-09-24T10:04:40 IST" name="tearDown" finished-at="2023-09-24T10:04:40 IST" duration-ms="391" status="PASS">
          <reporter-output>
          </reporter-output>
        </test-method> <!-- tearDown -->
        <test-method is-config="true" signature="generateReport()[pri:0, instance:Scenario_3.TC04_Negative@6025e1b6]" started-at="2023-09-24T10:04:40 IST" name="generateReport" finished-at="2023-09-24T10:04:42 IST" duration-ms="1951" status="PASS">
          <reporter-output>
          </reporter-output>
        </test-method> <!-- generateReport -->
      </class> <!-- Scenario_3.TC04_Negative -->
    </test> <!-- Default test -->
  </suite> <!-- Default suite -->
</testng-results>
