<?xml version="1.0" encoding="UTF-8"?>
<testng-results ignored="0" total="1" passed="1" failed="0" skipped="0">
  <reporter-output>
  </reporter-output>
  <suite started-at="2023-09-23T21:50:40 IST" name="Default suite" finished-at="2023-09-23T21:50:58 IST" duration-ms="17540">
    <groups>
    </groups>
    <test started-at="2023-09-23T21:50:40 IST" name="Default test" finished-at="2023-09-23T21:50:58 IST" duration-ms="17540">
      <class name="Scenario_3.TC04_Negative">
        <test-method is-config="true" signature="initializeExtentReports()[pri:0, instance:Scenario_3.TC04_Negative@6025e1b6]" started-at="2023-09-23T21:50:40 IST" name="initializeExtentReports" finished-at="2023-09-23T21:50:40 IST" duration-ms="539" status="PASS">
          <reporter-output>
          </reporter-output>
        </test-method> <!-- initializeExtentReports -->
        <test-method is-config="true" signature="setUp()[pri:0, instance:Scenario_3.TC04_Negative@6025e1b6]" started-at="2023-09-23T21:50:40 IST" name="setUp" finished-at="2023-09-23T21:50:44 IST" duration-ms="3759" status="PASS">
          <reporter-output>
          </reporter-output>
        </test-method> <!-- setUp -->
        <test-method signature="formfilling()[pri:0, instance:Scenario_3.TC04_Negative@6025e1b6]" started-at="2023-09-23T21:50:44 IST" name="formfilling" finished-at="2023-09-23T21:50:57 IST" duration-ms="12582" status="PASS">
          <reporter-output>
          </reporter-output>
        </test-method> <!-- formfilling -->
        <test-method is-config="true" signature="Screenshoot()[pri:0, instance:Scenario_3.TC04_Negative@6025e1b6]" started-at="2023-09-23T21:50:57 IST" name="Screenshoot" finished-at="2023-09-23T21:50:57 IST" duration-ms="348" status="PASS">
          <reporter-output>
          </reporter-output>
        </test-method> <!-- Screenshoot -->
        <test-method is-config="true" signature="tearDown()[pri:0, instance:Scenario_3.TC04_Negative@6025e1b6]" started-at="2023-09-23T21:50:57 IST" name="tearDown" finished-at="2023-09-23T21:50:58 IST" duration-ms="748" status="PASS">
          <reporter-output>
          </reporter-output>
        </test-method> <!-- tearDown -->
        <test-method is-config="true" signature="generateReport()[pri:0, instance:Scenario_3.TC04_Negative@6025e1b6]" started-at="2023-09-23T21:50:58 IST" name="generateReport" finished-at="2023-09-23T21:51:01 IST" duration-ms="3013" status="PASS">
          <reporter-output>
          </reporter-output>
        </test-method> <!-- generateReport -->
      </class> <!-- Scenario_3.TC04_Negative -->
    </test> <!-- Default test -->
  </suite> <!-- Default suite -->
</testng-results>
